C:\Users\Miyamura\Desktop\GIT_PROJECT\COEsWebAPI\ClientApp\dist\out-tsc\app\black-scholes\black-scholes.service.js
C:\Users\Miyamura\Desktop\GIT_PROJECT\COEsWebAPI\ClientApp\dist\out-tsc\app\black-scholes\black-scholes.service.js.map
C:\Users\Miyamura\Desktop\GIT_PROJECT\COEsWebAPI\ClientApp\dist\out-tsc\app\black-scholes\black-scholes.component.js
C:\Users\Miyamura\Desktop\GIT_PROJECT\COEsWebAPI\ClientApp\dist\out-tsc\app\black-scholes\black-scholes.component.js.map
C:\Users\Miyamura\Desktop\GIT_PROJECT\COEsWebAPI\ClientApp\dist\out-tsc\app\monte-carlo\monte-carlo.service.js
C:\Users\Miyamura\Desktop\GIT_PROJECT\COEsWebAPI\ClientApp\dist\out-tsc\app\monte-carlo\monte-carlo.service.js.map
C:\Users\Miyamura\Desktop\GIT_PROJECT\COEsWebAPI\ClientApp\dist\out-tsc\app\monte-carlo\monte-carlo.component.js
C:\Users\Miyamura\Desktop\GIT_PROJECT\COEsWebAPI\ClientApp\dist\out-tsc\app\monte-carlo\monte-carlo.component.js.map
C:\Users\Miyamura\Desktop\GIT_PROJECT\COEsWebAPI\ClientApp\dist\out-tsc\app\app-routing.module.js
C:\Users\Miyamura\Desktop\GIT_PROJECT\COEsWebAPI\ClientApp\dist\out-tsc\app\app-routing.module.js.map
C:\Users\Miyamura\Desktop\GIT_PROJECT\COEsWebAPI\ClientApp\dist\out-tsc\app\app.service.js
C:\Users\Miyamura\Desktop\GIT_PROJECT\COEsWebAPI\ClientApp\dist\out-tsc\app\app.service.js.map
C:\Users\Miyamura\Desktop\GIT_PROJECT\COEsWebAPI\ClientApp\dist\out-tsc\app\app.component.js
C:\Users\Miyamura\Desktop\GIT_PROJECT\COEsWebAPI\ClientApp\dist\out-tsc\app\app.component.js.map
C:\Users\Miyamura\Desktop\GIT_PROJECT\COEsWebAPI\ClientApp\dist\out-tsc\app\top-nav\top-nav.component.js
C:\Users\Miyamura\Desktop\GIT_PROJECT\COEsWebAPI\ClientApp\dist\out-tsc\app\top-nav\top-nav.component.js.map
C:\Users\Miyamura\Desktop\GIT_PROJECT\COEsWebAPI\ClientApp\dist\out-tsc\app\app.module.js
C:\Users\Miyamura\Desktop\GIT_PROJECT\COEsWebAPI\ClientApp\dist\out-tsc\app\app.module.js.map
C:\Users\Miyamura\Desktop\GIT_PROJECT\COEsWebAPI\ClientApp\dist\out-tsc\environments\environment.js
C:\Users\Miyamura\Desktop\GIT_PROJECT\COEsWebAPI\ClientApp\dist\out-tsc\environments\environment.js.map
C:\Users\Miyamura\Desktop\GIT_PROJECT\COEsWebAPI\ClientApp\dist\out-tsc\main.js
C:\Users\Miyamura\Desktop\GIT_PROJECT\COEsWebAPI\ClientApp\dist\out-tsc\main.js.map
C:\Users\Miyamura\Desktop\GIT_PROJECT\COEsWebAPI\ClientApp\dist\out-tsc\polyfills.js
C:\Users\Miyamura\Desktop\GIT_PROJECT\COEsWebAPI\ClientApp\dist\out-tsc\polyfills.js.map
C:\Users\Miyamura\Desktop\GIT_PROJECT\COEsWebAPI\ClientApp\dist\out-tsc\test.js
C:\Users\Miyamura\Desktop\GIT_PROJECT\COEsWebAPI\ClientApp\dist\out-tsc\test.js.map
C:\Users\Miyamura\Desktop\GIT_PROJECT\COEsWebAPI\ClientApp\dist\out-tsc\app\app.component.spec.js
C:\Users\Miyamura\Desktop\GIT_PROJECT\COEsWebAPI\ClientApp\dist\out-tsc\app\app.component.spec.js.map
C:\Users\Miyamura\Desktop\GIT_PROJECT\COEsWebAPI\ClientApp\dist\out-tsc\app\app.service.spec.js
C:\Users\Miyamura\Desktop\GIT_PROJECT\COEsWebAPI\ClientApp\dist\out-tsc\app\app.service.spec.js.map
C:\Users\Miyamura\Desktop\GIT_PROJECT\COEsWebAPI\ClientApp\dist\out-tsc\app\black-scholes\black-scholes.component.spec.js
C:\Users\Miyamura\Desktop\GIT_PROJECT\COEsWebAPI\ClientApp\dist\out-tsc\app\black-scholes\black-scholes.component.spec.js.map
C:\Users\Miyamura\Desktop\GIT_PROJECT\COEsWebAPI\ClientApp\dist\out-tsc\app\black-scholes\black-scholes.service.spec.js
C:\Users\Miyamura\Desktop\GIT_PROJECT\COEsWebAPI\ClientApp\dist\out-tsc\app\black-scholes\black-scholes.service.spec.js.map
C:\Users\Miyamura\Desktop\GIT_PROJECT\COEsWebAPI\ClientApp\dist\out-tsc\app\monte-carlo\monte-carlo.component.spec.js
C:\Users\Miyamura\Desktop\GIT_PROJECT\COEsWebAPI\ClientApp\dist\out-tsc\app\monte-carlo\monte-carlo.component.spec.js.map
C:\Users\Miyamura\Desktop\GIT_PROJECT\COEsWebAPI\ClientApp\dist\out-tsc\app\monte-carlo\monte-carlo.service.spec.js
C:\Users\Miyamura\Desktop\GIT_PROJECT\COEsWebAPI\ClientApp\dist\out-tsc\app\monte-carlo\monte-carlo.service.spec.js.map
C:\Users\Miyamura\Desktop\GIT_PROJECT\COEsWebAPI\ClientApp\dist\out-tsc\app\top-nav\top-nav.component.spec.js
C:\Users\Miyamura\Desktop\GIT_PROJECT\COEsWebAPI\ClientApp\dist\out-tsc\app\top-nav\top-nav.component.spec.js.map
C:\Users\Miyamura\Desktop\GIT_PROJECT\COEsWebAPI\ClientApp\dist\out-tsc\environments\environment.prod.js
C:\Users\Miyamura\Desktop\GIT_PROJECT\COEsWebAPI\ClientApp\dist\out-tsc\environments\environment.prod.js.map
